[debug] [2022-02-27T18:06:38.580Z] ----------------------------------------------------------------------
[debug] [2022-02-27T18:06:38.582Z] Command:       C:\Program Files\nodejs\node.exe C:\Users\vaish\AppData\Roaming\npm\node_modules\firebase-tools\lib\bin\firebase.js deploy
[debug] [2022-02-27T18:06:38.582Z] CLI Version:   10.2.1
[debug] [2022-02-27T18:06:38.582Z] Platform:      win32
[debug] [2022-02-27T18:06:38.582Z] Node Version:  v14.17.5
[debug] [2022-02-27T18:06:38.583Z] Time:          Sun Feb 27 2022 23:36:38 GMT+0530 (India Standard Time)
[debug] [2022-02-27T18:06:38.583Z] ----------------------------------------------------------------------
[debug] 
[debug] [2022-02-27T18:06:38.632Z] > command requires scopes: ["email","openid","https://www.googleapis.com/auth/cloudplatformprojects.readonly","https://www.googleapis.com/auth/firebase","https://www.googleapis.com/auth/cloud-platform"]
[debug] [2022-02-27T18:06:38.632Z] > authorizing via signed-in user (vaishsvs12@gmail.com)
[debug] [2022-02-27T18:06:38.633Z] [iam] checking project cleinttable for permissions ["firebase.projects.get","firebasehosting.sites.update"]
[debug] [2022-02-27T18:06:38.634Z] >>> [apiv2][query] POST https://cloudresourcemanager.googleapis.com/v1/projects/cleinttable:testIamPermissions [none]
[debug] [2022-02-27T18:06:38.634Z] >>> [apiv2][body] POST https://cloudresourcemanager.googleapis.com/v1/projects/cleinttable:testIamPermissions {"permissions":["firebase.projects.get","firebasehosting.sites.update"]}
[debug] [2022-02-27T18:06:59.977Z] [iam] error while checking permissions, command may fail: FirebaseError: Failed to make request to https://cloudresourcemanager.googleapis.com/v1/projects/cleinttable:testIamPermissions
[debug] [2022-02-27T18:06:59.979Z] >>> [apiv2][query] GET https://firebase.googleapis.com/v1beta1/projects/cleinttable [none]
[debug] [2022-02-27T18:07:21.016Z] Failed to make request to https://firebase.googleapis.com/v1beta1/projects/cleinttable
[debug] [2022-02-27T18:07:42.080Z] FirebaseError: Failed to make request to https://firebase.googleapis.com/v1beta1/projects/cleinttable
    at RetryOperation._fn (C:\Users\vaish\AppData\Roaming\npm\node_modules\firebase-tools\lib\apiv2.js:240:31)
    at processTicksAndRejections (internal/process/task_queues.js:95:5)
[error] 
[error] Error: Failed to get Firebase project cleinttable. Please make sure the project exists and your account has permission to access it.
